android/app/build/intermediates/manifest_merge_blame_file/debug/manifest-merger-blame-debug-report.txt
1<?xml version="1.0" encoding="utf-8"?>
2<manifest xmlns:android="http://schemas.android.com/apk/res/android"
3    package="com.swcm.app"
4    android:versionCode="1"
5    android:versionName="1.0" >
6
7    <uses-sdk
8        android:minSdkVersion="22"
8-->src\main\AndroidManifest.xml
9        android:targetSdkVersion="33" />
9-->src\main\AndroidManifest.xml
10
11    <!-- Permissions -->
12
13    <uses-permission android:name="android.permission.INTERNET" />
13-->src\main\AndroidManifest.xml:41:5-67
13-->src\main\AndroidManifest.xml:41:22-64
14
15    <queries>
15-->[:capacitor-camera] AndroidManifest.xml:7:5-11:15
16        <intent>
16-->[:capacitor-camera] AndroidManifest.xml:8:9-10:18
17            <action android:name="android.media.action.IMAGE_CAPTURE" />
17-->[:capacitor-camera] AndroidManifest.xml:9:13-73
17-->[:capacitor-camera] AndroidManifest.xml:9:21-70
18        </intent>
19
20        <package android:name="com.google.android.gms.policy_cast_dynamite" />
20-->[com.google.android.gms:play-services-cast-framework:21.3.0] AndroidManifest.xml:15:9-79
20-->[com.google.android.gms:play-services-cast-framework:21.3.0] AndroidManifest.xml:15:18-76
21    </queries> <!-- This permission is required to check the state of and information about the current network. -->
22    <uses-permission android:name="android.permission.ACCESS_NETWORK_STATE" /> <!-- This permission is required to start foreground services in Android P. -->
22-->[com.google.android.gms:play-services-cast-framework:21.3.0] AndroidManifest.xml:10:5-79
22-->[com.google.android.gms:play-services-cast-framework:21.3.0] AndroidManifest.xml:10:22-76
23    <uses-permission android:name="android.permission.FOREGROUND_SERVICE" />
23-->[com.google.android.gms:play-services-cast-framework:21.3.0] AndroidManifest.xml:12:5-77
23-->[com.google.android.gms:play-services-cast-framework:21.3.0] AndroidManifest.xml:12:22-74
24    <uses-permission android:name="android.permission.POST_NOTIFICATIONS" />
24-->[com.google.firebase:firebase-messaging:23.1.2] AndroidManifest.xml:25:5-77
24-->[com.google.firebase:firebase-messaging:23.1.2] AndroidManifest.xml:25:22-74
25    <uses-permission android:name="android.permission.WAKE_LOCK" /> <!-- Required by older versions of Google Play services to create IID tokens -->
25-->[com.google.firebase:firebase-messaging:23.1.2] AndroidManifest.xml:26:5-68
25-->[com.google.firebase:firebase-messaging:23.1.2] AndroidManifest.xml:26:22-65
26    <uses-permission android:name="com.google.android.c2dm.permission.RECEIVE" />
26-->[com.google.firebase:firebase-messaging:23.1.2] AndroidManifest.xml:28:5-82
26-->[com.google.firebase:firebase-messaging:23.1.2] AndroidManifest.xml:28:22-79
27
28    <permission
28-->[androidx.core:core:1.10.0] AndroidManifest.xml:22:5-24:47
29        android:name="com.swcm.app.DYNAMIC_RECEIVER_NOT_EXPORTED_PERMISSION"
29-->[androidx.core:core:1.10.0] AndroidManifest.xml:23:9-81
30        android:protectionLevel="signature" />
30-->[androidx.core:core:1.10.0] AndroidManifest.xml:24:9-44
31
32    <uses-permission android:name="com.swcm.app.DYNAMIC_RECEIVER_NOT_EXPORTED_PERMISSION" />
32-->[androidx.core:core:1.10.0] AndroidManifest.xml:26:5-97
32-->[androidx.core:core:1.10.0] AndroidManifest.xml:26:22-94
33    <uses-permission android:name="android.permission.CAMERA" /> <!-- Don't require camera, as this requires a rear camera. This allows it to work on the Nexus 7 -->
33-->[com.journeyapps:zxing-android-embedded:4.3.0] AndroidManifest.xml:22:5-65
33-->[com.journeyapps:zxing-android-embedded:4.3.0] AndroidManifest.xml:22:22-62
34    <uses-feature
34-->[com.journeyapps:zxing-android-embedded:4.3.0] AndroidManifest.xml:25:5-27:36
35        android:name="android.hardware.camera"
35-->[com.journeyapps:zxing-android-embedded:4.3.0] AndroidManifest.xml:26:9-47
36        android:required="false" />
36-->[com.journeyapps:zxing-android-embedded:4.3.0] AndroidManifest.xml:27:9-33
37    <uses-feature
37-->[com.journeyapps:zxing-android-embedded:4.3.0] AndroidManifest.xml:28:5-30:36
38        android:name="android.hardware.camera.front"
38-->[com.journeyapps:zxing-android-embedded:4.3.0] AndroidManifest.xml:29:9-53
39        android:required="false" /> <!-- TODO replace above two with next line after Android 4.2 -->
39-->[com.journeyapps:zxing-android-embedded:4.3.0] AndroidManifest.xml:30:9-33
40    <!-- <uses-feature android:name="android.hardware.camera.any"/> -->
41    <uses-feature
41-->[com.journeyapps:zxing-android-embedded:4.3.0] AndroidManifest.xml:33:5-35:36
42        android:name="android.hardware.camera.autofocus"
42-->[com.journeyapps:zxing-android-embedded:4.3.0] AndroidManifest.xml:34:9-57
43        android:required="false" />
43-->[com.journeyapps:zxing-android-embedded:4.3.0] AndroidManifest.xml:35:9-33
44    <uses-feature
44-->[com.journeyapps:zxing-android-embedded:4.3.0] AndroidManifest.xml:36:5-38:36
45        android:name="android.hardware.camera.flash"
45-->[com.journeyapps:zxing-android-embedded:4.3.0] AndroidManifest.xml:37:9-53
46        android:required="false" />
46-->[com.journeyapps:zxing-android-embedded:4.3.0] AndroidManifest.xml:38:9-33
47    <uses-feature
47-->[com.journeyapps:zxing-android-embedded:4.3.0] AndroidManifest.xml:39:5-41:36
48        android:name="android.hardware.screen.landscape"
48-->[com.journeyapps:zxing-android-embedded:4.3.0] AndroidManifest.xml:40:9-57
49        android:required="false" />
49-->[com.journeyapps:zxing-android-embedded:4.3.0] AndroidManifest.xml:41:9-33
50    <uses-feature
50-->[com.journeyapps:zxing-android-embedded:4.3.0] AndroidManifest.xml:42:5-44:36
51        android:name="android.hardware.wifi"
51-->[com.journeyapps:zxing-android-embedded:4.3.0] AndroidManifest.xml:43:9-45
52        android:required="false" />
52-->[com.journeyapps:zxing-android-embedded:4.3.0] AndroidManifest.xml:44:9-33
53
54    <application
54-->src\main\AndroidManifest.xml:4:5-37:19
55        android:allowBackup="true"
55-->src\main\AndroidManifest.xml:5:9-35
56        android:appComponentFactory="androidx.core.app.CoreComponentFactory"
56-->[androidx.core:core:1.10.0] AndroidManifest.xml:28:18-86
57        android:debuggable="true"
58        android:icon="@mipmap/ic_launcher"
58-->src\main\AndroidManifest.xml:6:9-43
59        android:label="@string/app_name"
59-->src\main\AndroidManifest.xml:7:9-41
60        android:roundIcon="@mipmap/ic_launcher_round"
60-->src\main\AndroidManifest.xml:8:9-54
61        android:supportsRtl="true"
61-->src\main\AndroidManifest.xml:9:9-35
62        android:testOnly="true"
63        android:theme="@style/AppTheme"
63-->src\main\AndroidManifest.xml:11:9-40
64        android:usesCleartextTraffic="true" >
64-->src\main\AndroidManifest.xml:10:9-44
65        <activity
65-->src\main\AndroidManifest.xml:13:9-26:20
66            android:name="com.swcm.app.MainActivity"
66-->src\main\AndroidManifest.xml:15:13-41
67            android:configChanges="orientation|keyboardHidden|keyboard|screenSize|locale|smallestScreenSize|screenLayout|uiMode"
67-->src\main\AndroidManifest.xml:14:13-129
68            android:exported="true"
68-->src\main\AndroidManifest.xml:19:13-36
69            android:label="@string/title_activity_main"
69-->src\main\AndroidManifest.xml:16:13-56
70            android:launchMode="singleTask"
70-->src\main\AndroidManifest.xml:18:13-44
71            android:theme="@style/AppTheme.NoActionBarLaunch" >
71-->src\main\AndroidManifest.xml:17:13-62
72            <intent-filter>
72-->src\main\AndroidManifest.xml:21:13-24:29
73                <action android:name="android.intent.action.MAIN" />
73-->src\main\AndroidManifest.xml:22:17-69
73-->src\main\AndroidManifest.xml:22:25-66
74
75                <category android:name="android.intent.category.LAUNCHER" />
75-->src\main\AndroidManifest.xml:23:17-77
75-->src\main\AndroidManifest.xml:23:27-74
76            </intent-filter>
77        </activity>
78
79        <provider
80            android:name="androidx.core.content.FileProvider"
80-->src\main\AndroidManifest.xml:29:13-62
81            android:authorities="com.swcm.app.fileprovider"
81-->src\main\AndroidManifest.xml:30:13-64
82            android:exported="false"
82-->src\main\AndroidManifest.xml:31:13-37
83            android:grantUriPermissions="true" >
83-->src\main\AndroidManifest.xml:32:13-47
84            <meta-data
84-->src\main\AndroidManifest.xml:33:13-35:64
85                android:name="android.support.FILE_PROVIDER_PATHS"
85-->src\main\AndroidManifest.xml:34:17-67
86                android:resource="@xml/file_paths" />
86-->src\main\AndroidManifest.xml:35:17-51
87        </provider>
88        <provider
88-->[:capacitor-community-file-opener] AndroidManifest.xml:8:9-16:20
89            android:name="com.ryltsov.alex.plugins.file.opener.FileOpenerProvider"
89-->[:capacitor-community-file-opener] AndroidManifest.xml:9:13-83
90            android:authorities="com.swcm.app.file.opener.provider"
90-->[:capacitor-community-file-opener] AndroidManifest.xml:10:13-72
91            android:exported="false"
91-->[:capacitor-community-file-opener] AndroidManifest.xml:11:13-37
92            android:grantUriPermissions="true" >
92-->[:capacitor-community-file-opener] AndroidManifest.xml:12:13-47
93            <meta-data
93-->src\main\AndroidManifest.xml:33:13-35:64
94                android:name="android.support.FILE_PROVIDER_PATHS"
94-->src\main\AndroidManifest.xml:34:17-67
95                android:resource="@xml/file_opener_paths" />
95-->src\main\AndroidManifest.xml:35:17-51
96        </provider>
97
98        <service
98-->[:capacitor-push-notifications] AndroidManifest.xml:8:9-14:19
99            android:name="com.capacitorjs.plugins.pushnotifications.MessagingService"
99-->[:capacitor-push-notifications] AndroidManifest.xml:9:13-86
100            android:exported="false" >
100-->[:capacitor-push-notifications] AndroidManifest.xml:10:13-37
101            <intent-filter>
101-->[:capacitor-push-notifications] AndroidManifest.xml:11:13-13:29
102                <action android:name="com.google.firebase.MESSAGING_EVENT" />
102-->[:capacitor-push-notifications] AndroidManifest.xml:12:17-78
102-->[:capacitor-push-notifications] AndroidManifest.xml:12:25-75
103            </intent-filter>
104        </service>
105
106        <receiver
106-->[com.google.android.gms:play-services-cast-framework:21.3.0] AndroidManifest.xml:19:9-21:40
107            android:name="com.google.android.gms.cast.framework.media.MediaIntentReceiver"
107-->[com.google.android.gms:play-services-cast-framework:21.3.0] AndroidManifest.xml:20:13-91
108            android:exported="false" />
108-->[com.google.android.gms:play-services-cast-framework:21.3.0] AndroidManifest.xml:21:13-37
109
110        <service
110-->[com.google.android.gms:play-services-cast-framework:21.3.0] AndroidManifest.xml:23:9-25:40
111            android:name="com.google.android.gms.cast.framework.ReconnectionService"
111-->[com.google.android.gms:play-services-cast-framework:21.3.0] AndroidManifest.xml:24:13-85
112            android:exported="false" />
112-->[com.google.android.gms:play-services-cast-framework:21.3.0] AndroidManifest.xml:25:13-37
113
114        <receiver
114-->[com.google.firebase:firebase-messaging:23.1.2] AndroidManifest.xml:31:9-38:20
115            android:name="com.google.firebase.iid.FirebaseInstanceIdReceiver"
115-->[com.google.firebase:firebase-messaging:23.1.2] AndroidManifest.xml:32:13-78
116            android:exported="true"
116-->[com.google.firebase:firebase-messaging:23.1.2] AndroidManifest.xml:33:13-36
117            android:permission="com.google.android.c2dm.permission.SEND" >
117-->[com.google.firebase:firebase-messaging:23.1.2] AndroidManifest.xml:34:13-73
118            <intent-filter>
118-->[com.google.firebase:firebase-messaging:23.1.2] AndroidManifest.xml:35:13-37:29
119                <action android:name="com.google.android.c2dm.intent.RECEIVE" />
119-->[com.google.firebase:firebase-messaging:23.1.2] AndroidManifest.xml:36:17-81
119-->[com.google.firebase:firebase-messaging:23.1.2] AndroidManifest.xml:36:25-78
120            </intent-filter>
121        </receiver>
122        <!--
123             FirebaseMessagingService performs security checks at runtime,
124             but set to not exported to explicitly avoid allowing another app to call it.
125        -->
126        <service
126-->[com.google.firebase:firebase-messaging:23.1.2] AndroidManifest.xml:44:9-51:19
127            android:name="com.google.firebase.messaging.FirebaseMessagingService"
127-->[com.google.firebase:firebase-messaging:23.1.2] AndroidManifest.xml:45:13-82
128            android:directBootAware="true"
128-->[com.google.firebase:firebase-messaging:23.1.2] AndroidManifest.xml:46:13-43
129            android:exported="false" >
129-->[com.google.firebase:firebase-messaging:23.1.2] AndroidManifest.xml:47:13-37
130            <intent-filter android:priority="-500" >
130-->[:capacitor-push-notifications] AndroidManifest.xml:11:13-13:29
131                <action android:name="com.google.firebase.MESSAGING_EVENT" />
131-->[:capacitor-push-notifications] AndroidManifest.xml:12:17-78
131-->[:capacitor-push-notifications] AndroidManifest.xml:12:25-75
132            </intent-filter>
133        </service>
134        <service
134-->[com.google.firebase:firebase-messaging:23.1.2] AndroidManifest.xml:52:9-58:19
135            android:name="com.google.firebase.components.ComponentDiscoveryService"
135-->[com.google.firebase:firebase-messaging:23.1.2] AndroidManifest.xml:53:13-84
136            android:directBootAware="true"
136-->[com.google.firebase:firebase-common:20.3.1] AndroidManifest.xml:34:13-43
137            android:exported="false" >
137-->[com.google.firebase:firebase-messaging:23.1.2] AndroidManifest.xml:54:13-37
138            <meta-data
138-->[com.google.firebase:firebase-messaging:23.1.2] AndroidManifest.xml:55:13-57:85
139                android:name="com.google.firebase.components:com.google.firebase.messaging.FirebaseMessagingRegistrar"
139-->[com.google.firebase:firebase-messaging:23.1.2] AndroidManifest.xml:56:17-119
140                android:value="com.google.firebase.components.ComponentRegistrar" />
140-->[com.google.firebase:firebase-messaging:23.1.2] AndroidManifest.xml:57:17-82
141            <meta-data
141-->[com.google.firebase:firebase-datatransport:18.1.7] AndroidManifest.xml:27:13-29:85
142                android:name="com.google.firebase.components:com.google.firebase.datatransport.TransportRegistrar"
142-->[com.google.firebase:firebase-datatransport:18.1.7] AndroidManifest.xml:28:17-115
143                android:value="com.google.firebase.components.ComponentRegistrar" />
143-->[com.google.firebase:firebase-datatransport:18.1.7] AndroidManifest.xml:29:17-82
144            <meta-data
144-->[com.google.firebase:firebase-installations:17.1.3] AndroidManifest.xml:17:13-19:85
145                android:name="com.google.firebase.components:com.google.firebase.installations.FirebaseInstallationsRegistrar"
145-->[com.google.firebase:firebase-installations:17.1.3] AndroidManifest.xml:18:17-127
146                android:value="com.google.firebase.components.ComponentRegistrar" />
146-->[com.google.firebase:firebase-installations:17.1.3] AndroidManifest.xml:19:17-82
147        </service>
148
149        <provider
149-->[com.google.firebase:firebase-common:20.3.1] AndroidManifest.xml:25:9-30:39
150            android:name="com.google.firebase.provider.FirebaseInitProvider"
150-->[com.google.firebase:firebase-common:20.3.1] AndroidManifest.xml:26:13-77
151            android:authorities="com.swcm.app.firebaseinitprovider"
151-->[com.google.firebase:firebase-common:20.3.1] AndroidManifest.xml:27:13-72
152            android:directBootAware="true"
152-->[com.google.firebase:firebase-common:20.3.1] AndroidManifest.xml:28:13-43
153            android:exported="false"
153-->[com.google.firebase:firebase-common:20.3.1] AndroidManifest.xml:29:13-37
154            android:initOrder="100" />
154-->[com.google.firebase:firebase-common:20.3.1] AndroidManifest.xml:30:13-36
155
156        <activity
156-->[com.google.android.gms:play-services-base:18.0.1] AndroidManifest.xml:20:9-22:45
157            android:name="com.google.android.gms.common.api.GoogleApiActivity"
157-->[com.google.android.gms:play-services-base:18.0.1] AndroidManifest.xml:20:19-85
158            android:exported="false"
158-->[com.google.android.gms:play-services-base:18.0.1] AndroidManifest.xml:22:19-43
159            android:theme="@android:style/Theme.Translucent.NoTitleBar" />
159-->[com.google.android.gms:play-services-base:18.0.1] AndroidManifest.xml:21:19-78
160
161        <meta-data
161-->[com.google.android.gms:play-services-basement:18.1.0] AndroidManifest.xml:21:9-23:69
162            android:name="com.google.android.gms.version"
162-->[com.google.android.gms:play-services-basement:18.1.0] AndroidManifest.xml:22:13-58
163            android:value="@integer/google_play_services_version" />
163-->[com.google.android.gms:play-services-basement:18.1.0] AndroidManifest.xml:23:13-66
164
165        <provider
165-->[androidx.emoji2:emoji2:1.2.0] AndroidManifest.xml:24:9-32:20
166            android:name="androidx.startup.InitializationProvider"
166-->[androidx.emoji2:emoji2:1.2.0] AndroidManifest.xml:25:13-67
167            android:authorities="com.swcm.app.androidx-startup"
167-->[androidx.emoji2:emoji2:1.2.0] AndroidManifest.xml:26:13-68
168            android:exported="false" >
168-->[androidx.emoji2:emoji2:1.2.0] AndroidManifest.xml:27:13-37
169            <meta-data
169-->[androidx.emoji2:emoji2:1.2.0] AndroidManifest.xml:29:13-31:52
170                android:name="androidx.emoji2.text.EmojiCompatInitializer"
170-->[androidx.emoji2:emoji2:1.2.0] AndroidManifest.xml:30:17-75
171                android:value="androidx.startup" />
171-->[androidx.emoji2:emoji2:1.2.0] AndroidManifest.xml:31:17-49
172            <meta-data
172-->[androidx.lifecycle:lifecycle-process:2.6.1] AndroidManifest.xml:29:13-31:52
173                android:name="androidx.lifecycle.ProcessLifecycleInitializer"
173-->[androidx.lifecycle:lifecycle-process:2.6.1] AndroidManifest.xml:30:17-78
174                android:value="androidx.startup" />
174-->[androidx.lifecycle:lifecycle-process:2.6.1] AndroidManifest.xml:31:17-49
175            <meta-data
175-->[androidx.profileinstaller:profileinstaller:1.3.0] AndroidManifest.xml:29:13-31:52
176                android:name="androidx.profileinstaller.ProfileInstallerInitializer"
176-->[androidx.profileinstaller:profileinstaller:1.3.0] AndroidManifest.xml:30:17-85
177                android:value="androidx.startup" />
177-->[androidx.profileinstaller:profileinstaller:1.3.0] AndroidManifest.xml:31:17-49
178        </provider>
179
180        <receiver
180-->[androidx.profileinstaller:profileinstaller:1.3.0] AndroidManifest.xml:34:9-52:20
181            android:name="androidx.profileinstaller.ProfileInstallReceiver"
181-->[androidx.profileinstaller:profileinstaller:1.3.0] AndroidManifest.xml:35:13-76
182            android:directBootAware="false"
182-->[androidx.profileinstaller:profileinstaller:1.3.0] AndroidManifest.xml:36:13-44
183            android:enabled="true"
183-->[androidx.profileinstaller:profileinstaller:1.3.0] AndroidManifest.xml:37:13-35
184            android:exported="true"
184-->[androidx.profileinstaller:profileinstaller:1.3.0] AndroidManifest.xml:38:13-36
185            android:permission="android.permission.DUMP" >
185-->[androidx.profileinstaller:profileinstaller:1.3.0] AndroidManifest.xml:39:13-57
186            <intent-filter>
186-->[androidx.profileinstaller:profileinstaller:1.3.0] AndroidManifest.xml:40:13-42:29
187                <action android:name="androidx.profileinstaller.action.INSTALL_PROFILE" />
187-->[androidx.profileinstaller:profileinstaller:1.3.0] AndroidManifest.xml:41:17-91
187-->[androidx.profileinstaller:profileinstaller:1.3.0] AndroidManifest.xml:41:25-88
188            </intent-filter>
189            <intent-filter>
189-->[androidx.profileinstaller:profileinstaller:1.3.0] AndroidManifest.xml:43:13-45:29
190                <action android:name="androidx.profileinstaller.action.SKIP_FILE" />
190-->[androidx.profileinstaller:profileinstaller:1.3.0] AndroidManifest.xml:44:17-85
190-->[androidx.profileinstaller:profileinstaller:1.3.0] AndroidManifest.xml:44:25-82
191            </intent-filter>
192            <intent-filter>
192-->[androidx.profileinstaller:profileinstaller:1.3.0] AndroidManifest.xml:46:13-48:29
193                <action android:name="androidx.profileinstaller.action.SAVE_PROFILE" />
193-->[androidx.profileinstaller:profileinstaller:1.3.0] AndroidManifest.xml:47:17-88
193-->[androidx.profileinstaller:profileinstaller:1.3.0] AndroidManifest.xml:47:25-85
194            </intent-filter>
195            <intent-filter>
195-->[androidx.profileinstaller:profileinstaller:1.3.0] AndroidManifest.xml:49:13-51:29
196                <action android:name="androidx.profileinstaller.action.BENCHMARK_OPERATION" />
196-->[androidx.profileinstaller:profileinstaller:1.3.0] AndroidManifest.xml:50:17-95
196-->[androidx.profileinstaller:profileinstaller:1.3.0] AndroidManifest.xml:50:25-92
197            </intent-filter>
198        </receiver>
199
200        <service
200-->[com.google.android.datatransport:transport-backend-cct:3.1.8] AndroidManifest.xml:28:9-34:19
201            android:name="com.google.android.datatransport.runtime.backends.TransportBackendDiscovery"
201-->[com.google.android.datatransport:transport-backend-cct:3.1.8] AndroidManifest.xml:29:13-103
202            android:exported="false" >
202-->[com.google.android.datatransport:transport-backend-cct:3.1.8] AndroidManifest.xml:30:13-37
203            <meta-data
203-->[com.google.android.datatransport:transport-backend-cct:3.1.8] AndroidManifest.xml:31:13-33:39
204                android:name="backend:com.google.android.datatransport.cct.CctBackendFactory"
204-->[com.google.android.datatransport:transport-backend-cct:3.1.8] AndroidManifest.xml:32:17-94
205                android:value="cct" />
205-->[com.google.android.datatransport:transport-backend-cct:3.1.8] AndroidManifest.xml:33:17-36
206        </service>
207        <service
207-->[com.google.android.datatransport:transport-runtime:3.1.8] AndroidManifest.xml:26:9-30:19
208            android:name="com.google.android.datatransport.runtime.scheduling.jobscheduling.JobInfoSchedulerService"
208-->[com.google.android.datatransport:transport-runtime:3.1.8] AndroidManifest.xml:27:13-117
209            android:exported="false"
209-->[com.google.android.datatransport:transport-runtime:3.1.8] AndroidManifest.xml:28:13-37
210            android:permission="android.permission.BIND_JOB_SERVICE" >
210-->[com.google.android.datatransport:transport-runtime:3.1.8] AndroidManifest.xml:29:13-69
211        </service>
212
213        <receiver
213-->[com.google.android.datatransport:transport-runtime:3.1.8] AndroidManifest.xml:32:9-34:40
214            android:name="com.google.android.datatransport.runtime.scheduling.jobscheduling.AlarmManagerSchedulerBroadcastReceiver"
214-->[com.google.android.datatransport:transport-runtime:3.1.8] AndroidManifest.xml:33:13-132
215            android:exported="false" />
215-->[com.google.android.datatransport:transport-runtime:3.1.8] AndroidManifest.xml:34:13-37
216
217        <activity
217-->[com.journeyapps:zxing-android-embedded:4.3.0] AndroidManifest.xml:47:9-53:63
218            android:name="com.journeyapps.barcodescanner.CaptureActivity"
218-->[com.journeyapps:zxing-android-embedded:4.3.0] AndroidManifest.xml:48:13-74
219            android:clearTaskOnLaunch="true"
219-->[com.journeyapps:zxing-android-embedded:4.3.0] AndroidManifest.xml:49:13-45
220            android:screenOrientation="sensorLandscape"
220-->[com.journeyapps:zxing-android-embedded:4.3.0] AndroidManifest.xml:50:13-56
221            android:stateNotNeeded="true"
221-->[com.journeyapps:zxing-android-embedded:4.3.0] AndroidManifest.xml:51:13-42
222            android:theme="@style/zxing_CaptureTheme"
222-->[com.journeyapps:zxing-android-embedded:4.3.0] AndroidManifest.xml:52:13-54
223            android:windowSoftInputMode="stateAlwaysHidden" />
223-->[com.journeyapps:zxing-android-embedded:4.3.0] AndroidManifest.xml:53:13-60
224
225        <provider
225-->[com.squareup.picasso:picasso:2.71828] AndroidManifest.xml:8:9-11:40
226            android:name="com.squareup.picasso.PicassoProvider"
226-->[com.squareup.picasso:picasso:2.71828] AndroidManifest.xml:9:13-64
227            android:authorities="com.swcm.app.com.squareup.picasso"
227-->[com.squareup.picasso:picasso:2.71828] AndroidManifest.xml:10:13-72
228            android:exported="false" />
228-->[com.squareup.picasso:picasso:2.71828] AndroidManifest.xml:11:13-37
229    </application>
230
231</manifest>